Using pre-set license
Built from '2022.1/staging' branch; Version is '2022.1.13f1 (22856944e6d2) revision 2262377'; Using compiler version '192829333'; Build Type 'Release'
OS: 'Windows 11  (10.0.22621) 64bit CoreSingleLanguage' Language: 'en' Physical Memory: 20331 MB
BatchMode: 1, IsHumanControllingUs: 0, StartBugReporterOnCrash: 0, Is64bit: 1, IsPro: 1

COMMAND LINE ARGUMENTS:
D:\PHÁT TRIỂU TRÒ CHƠI\2022.1.13f1\Editor\Unity.exe
-adb2
-batchMode
-noUpm
-name
AssetImportWorker8
-projectPath
D:/PHÁT TRIỂU TRÒ CHƠI/Lab5
-logFile
Logs/AssetImportWorker8.log
-srvPort
51773
Successfully changed project path to: D:/PHÁT TRIỂU TRÒ CHƠI/Lab5
D:/PHÁT TRIỂU TRÒ CHƠI/Lab5
[UnityMemory] Configuration Parameters - Can be set up in boot.config
    "memorysetup-bucket-allocator-granularity=16"
    "memorysetup-bucket-allocator-bucket-count=8"
    "memorysetup-bucket-allocator-block-size=33554432"
    "memorysetup-bucket-allocator-block-count=8"
    "memorysetup-main-allocator-block-size=16777216"
    "memorysetup-thread-allocator-block-size=16777216"
    "memorysetup-gfx-main-allocator-block-size=16777216"
    "memorysetup-gfx-thread-allocator-block-size=16777216"
    "memorysetup-cache-allocator-block-size=4194304"
    "memorysetup-typetree-allocator-block-size=2097152"
    "memorysetup-profiler-bucket-allocator-granularity=16"
    "memorysetup-profiler-bucket-allocator-bucket-count=8"
    "memorysetup-profiler-bucket-allocator-block-size=33554432"
    "memorysetup-profiler-bucket-allocator-block-count=8"
    "memorysetup-profiler-allocator-block-size=16777216"
    "memorysetup-profiler-editor-allocator-block-size=1048576"
    "memorysetup-temp-allocator-size-main=16777216"
    "memorysetup-job-temp-allocator-block-size=2097152"
    "memorysetup-job-temp-allocator-block-size-background=1048576"
    "memorysetup-job-temp-allocator-reduction-small-platforms=262144"
    "memorysetup-temp-allocator-size-background-worker=32768"
    "memorysetup-temp-allocator-size-job-worker=262144"
    "memorysetup-temp-allocator-size-preload-manager=33554432"
    "memorysetup-temp-allocator-size-nav-mesh-worker=65536"
    "memorysetup-temp-allocator-size-audio-worker=65536"
    "memorysetup-temp-allocator-size-cloud-worker=32768"
    "memorysetup-temp-allocator-size-gi-baking-worker=262144"
    "memorysetup-temp-allocator-size-gfx=262144"
Refreshing native plugins compatible for Editor in 92.03 ms, found 3 plugins.
Preloading 0 native plugins for Editor in 0.00 ms.
Initialize engine version: 2022.1.13f1 (22856944e6d2)
[Subsystems] Discovering subsystems at path D:/PHÁT TRIỂU TRÒ CHƠI/2022.1.13f1/Editor/Data/Resources/UnitySubsystems
[Subsystems] Discovering subsystems at path D:/PHÁT TRIỂU TRÒ CHƠI/Lab5/Assets
GfxDevice: creating device client; threaded=0; jobified=0
Direct3D:
    Version:  Direct3D 11.0 [level 11.1]
    Renderer: NVIDIA GeForce GTX 1650 (ID=0x1f91)
    Vendor:   NVIDIA
    VRAM:     3964 MB
    Driver:   30.0.15.1278
Initialize mono
Mono path[0] = 'D:/PHÁT TRIỂU TRÒ CHƠI/2022.1.13f1/Editor/Data/Managed'
Mono path[1] = 'D:/PHÁT TRIỂU TRÒ CHƠI/2022.1.13f1/Editor/Data/MonoBleedingEdge/lib/mono/unityjit-win32'
Mono config path = 'D:/PHÁT TRIỂU TRÒ CHƠI/2022.1.13f1/Editor/Data/MonoBleedingEdge/etc'
Using monoOptions --debugger-agent=transport=dt_socket,embedding=1,server=y,suspend=n,address=127.0.0.1:56184
Begin MonoManager ReloadAssembly
Registering precompiled unity dll's ...
Register platform support module: D:/PHÁT TRIỂU TRÒ CHƠI/2022.1.13f1/Editor/Data/PlaybackEngines/WindowsStandaloneSupport/UnityEditor.WindowsStandalone.Extensions.dll
Registered in 0.001885 seconds.
Native extension for WindowsStandalone target not found
Refreshing native plugins compatible for Editor in 91.05 ms, found 3 plugins.
Preloading 0 native plugins for Editor in 0.00 ms.
Mono: successfully reloaded assembly
- Completed reload, in  0.772 seconds
Domain Reload Profiling:
	ReloadAssembly (773ms)
		BeginReloadAssembly (77ms)
			ExecutionOrderSort (0ms)
			DisableScriptedObjects (0ms)
			BackupInstance (0ms)
			ReleaseScriptingObjects (0ms)
			CreateAndSetChildDomain (1ms)
		EndReloadAssembly (585ms)
			LoadAssemblies (76ms)
			RebuildTransferFunctionScriptingTraits (0ms)
			SetupTypeCache (134ms)
				TypeCache.Initialize (133ms)
					TypeCache.ScanAssembly (131ms)
				ResolveRequiredComponents (1ms)
			ReleaseScriptCaches (0ms)
			RebuildScriptCaches (56ms)
			SetupLoadedEditorAssemblies (334ms)
				LogAssemblyErrors (0ms)
				InitializePlatformSupportModulesInManaged (8ms)
				SetLoadedEditorAssemblies (8ms)
				RefreshPlugins (91ms)
				BeforeProcessingInitializeOnLoad (2ms)
				ProcessInitializeOnLoadAttributes (173ms)
				ProcessInitializeOnLoadMethodAttributes (52ms)
				AfterProcessingInitializeOnLoad (0ms)
				EditorAssembliesLoaded (0ms)
			ExecutionOrderSort2 (0ms)
			AwakeInstancesAfterBackupRestoration (0ms)
Platform modules already initialized, skipping
Registering precompiled user dll's ...
Registered in 0.003808 seconds.
Begin MonoManager ReloadAssembly
Symbol file LoadedFromMemory doesn't match image D:\PHÁT TRIỂU TRÒ CHƠI\Lab5\Library\PackageCache\com.unity.visualscripting@1.7.8\Editor\VisualScripting.Core\Dependencies\YamlDotNet\Unity.VisualScripting.YamlDotNet.dll
Symbol file LoadedFromMemory doesn't match image D:\PHÁT TRIỂU TRÒ CHƠI\Lab5\Library\PackageCache\com.unity.visualscripting@1.7.8\Editor\VisualScripting.Core\Dependencies\DotNetZip\Unity.VisualScripting.IonicZip.dll
Native extension for WindowsStandalone target not found
Refreshing native plugins compatible for Editor in 79.34 ms, found 3 plugins.
Preloading 0 native plugins for Editor in 0.00 ms.
Mono: successfully reloaded assembly
- Completed reload, in  1.335 seconds
Domain Reload Profiling:
	ReloadAssembly (1336ms)
		BeginReloadAssembly (163ms)
			ExecutionOrderSort (0ms)
			DisableScriptedObjects (6ms)
			BackupInstance (0ms)
			ReleaseScriptingObjects (0ms)
			CreateAndSetChildDomain (23ms)
		EndReloadAssembly (1050ms)
			LoadAssemblies (90ms)
			RebuildTransferFunctionScriptingTraits (0ms)
			SetupTypeCache (349ms)
				TypeCache.Initialize (344ms)
					TypeCache.ScanAssembly (339ms)
				ResolveRequiredComponents (5ms)
			ReleaseScriptCaches (1ms)
			RebuildScriptCaches (56ms)
			SetupLoadedEditorAssemblies (499ms)
				LogAssemblyErrors (0ms)
				InitializePlatformSupportModulesInManaged (3ms)
				SetLoadedEditorAssemblies (7ms)
				RefreshPlugins (79ms)
				BeforeProcessingInitializeOnLoad (81ms)
				ProcessInitializeOnLoadAttributes (302ms)
				ProcessInitializeOnLoadMethodAttributes (24ms)
				AfterProcessingInitializeOnLoad (2ms)
				EditorAssembliesLoaded (0ms)
			ExecutionOrderSort2 (0ms)
			AwakeInstancesAfterBackupRestoration (8ms)
Platform modules already initialized, skipping
========================================================================
Worker process is ready to serve import requests
Launched and connected shader compiler UnityShaderCompiler.exe after 0.05 seconds
Refreshing native plugins compatible for Editor in 0.64 ms, found 3 plugins.
Preloading 0 native plugins for Editor in 0.00 ms.
Unloading 3594 Unused Serialized files (Serialized files now loaded: 0)
Unloading 48 unused Assets / (1.5 MB). Loaded Objects now: 4075.
Memory consumption went from 0.58 GB to 0.58 GB.
Total: 3.407700 ms (FindLiveObjects: 0.310600 ms CreateObjectMapping: 0.223800 ms MarkObjects: 2.594000 ms  DeleteObjects: 0.278600 ms)

AssetImportParameters requested are different than current active one (requested -> active):
  custom:video-decoder-ogg-theora: a1e56fd34408186e4bbccfd4996cb3dc -> 
  custom:container-muxer-webm: aa71ff27fc2769a1b78a27578f13a17b -> 
  custom:container-demuxer-webm: 4f35f7cbe854078d1ac9338744f61a02 -> 
  custom:video-encoder-webm-vp8: eb34c28f22e8b96e1ab97ce403110664 -> 
  custom:audio-encoder-webm-vorbis: bf7c407c2cedff20999df2af8eb42d56 -> 
  custom:framework-win-MediaFoundation: 216162199b28c13a410421893ffa2e32 -> 
  custom:container-demuxer-ogg: 62fdf1f143b41e24485cea50d1cbac27 -> 
  custom:video-decoder-webm-vp8: 9c59270c3fd7afecdb556c50c9e8de78 -> 
  custom:audio-decoder-ogg-vorbis: bf7c407c2cedff20999df2af8eb42d56 -> 
========================================================================
Received Prepare
Registering precompiled user dll's ...
Registered in 0.003725 seconds.
Begin MonoManager ReloadAssembly
Symbol file LoadedFromMemory doesn't match image D:\PHÁT TRIỂU TRÒ CHƠI\Lab5\Library\PackageCache\com.unity.visualscripting@1.7.8\Editor\VisualScripting.Core\Dependencies\YamlDotNet\Unity.VisualScripting.YamlDotNet.dll
Symbol file LoadedFromMemory doesn't match image D:\PHÁT TRIỂU TRÒ CHƠI\Lab5\Library\PackageCache\com.unity.visualscripting@1.7.8\Editor\VisualScripting.Core\Dependencies\DotNetZip\Unity.VisualScripting.IonicZip.dll
Native extension for WindowsStandalone target not found
Refreshing native plugins compatible for Editor in 0.87 ms, found 3 plugins.
Preloading 0 native plugins for Editor in 0.00 ms.
Mono: successfully reloaded assembly
- Completed reload, in  1.522 seconds
Domain Reload Profiling:
	ReloadAssembly (1523ms)
		BeginReloadAssembly (149ms)
			ExecutionOrderSort (0ms)
			DisableScriptedObjects (7ms)
			BackupInstance (0ms)
			ReleaseScriptingObjects (0ms)
			CreateAndSetChildDomain (42ms)
		EndReloadAssembly (1273ms)
			LoadAssemblies (105ms)
			RebuildTransferFunctionScriptingTraits (0ms)
			SetupTypeCache (380ms)
				TypeCache.Initialize (373ms)
					TypeCache.ScanAssembly (363ms)
				ResolveRequiredComponents (6ms)
			ReleaseScriptCaches (2ms)
			RebuildScriptCaches (73ms)
			SetupLoadedEditorAssemblies (615ms)
				LogAssemblyErrors (0ms)
				InitializePlatformSupportModulesInManaged (17ms)
				SetLoadedEditorAssemblies (12ms)
				RefreshPlugins (1ms)
				BeforeProcessingInitializeOnLoad (113ms)
				ProcessInitializeOnLoadAttributes (420ms)
				ProcessInitializeOnLoadMethodAttributes (49ms)
				AfterProcessingInitializeOnLoad (3ms)
				EditorAssembliesLoaded (0ms)
			ExecutionOrderSort2 (0ms)
			AwakeInstancesAfterBackupRestoration (13ms)
Platform modules already initialized, skipping
Refreshing native plugins compatible for Editor in 2.65 ms, found 3 plugins.
Preloading 0 native plugins for Editor in 0.00 ms.
Unloading 3546 Unused Serialized files (Serialized files now loaded: 0)
Unloading 31 unused Assets / (1.5 MB). Loaded Objects now: 4078.
Memory consumption went from 0.57 GB to 0.57 GB.
Total: 5.873900 ms (FindLiveObjects: 0.481200 ms CreateObjectMapping: 0.603600 ms MarkObjects: 4.412500 ms  DeleteObjects: 0.375300 ms)

AssetImportParameters requested are different than current active one (requested -> active):
  custom:video-decoder-ogg-theora: a1e56fd34408186e4bbccfd4996cb3dc -> 
  custom:container-muxer-webm: aa71ff27fc2769a1b78a27578f13a17b -> 
  custom:container-demuxer-webm: 4f35f7cbe854078d1ac9338744f61a02 -> 
  custom:video-encoder-webm-vp8: eb34c28f22e8b96e1ab97ce403110664 -> 
  custom:audio-encoder-webm-vorbis: bf7c407c2cedff20999df2af8eb42d56 -> 
  custom:framework-win-MediaFoundation: 216162199b28c13a410421893ffa2e32 -> 
  custom:container-demuxer-ogg: 62fdf1f143b41e24485cea50d1cbac27 -> 
  custom:video-decoder-webm-vp8: 9c59270c3fd7afecdb556c50c9e8de78 -> 
  custom:audio-decoder-ogg-vorbis: bf7c407c2cedff20999df2af8eb42d56 -> 
========================================================================
Received Prepare
Registering precompiled user dll's ...
Registered in 0.005471 seconds.
Begin MonoManager ReloadAssembly
Symbol file LoadedFromMemory doesn't match image D:\PHÁT TRIỂU TRÒ CHƠI\Lab5\Library\PackageCache\com.unity.visualscripting@1.7.8\Editor\VisualScripting.Core\Dependencies\YamlDotNet\Unity.VisualScripting.YamlDotNet.dll
Symbol file LoadedFromMemory doesn't match image D:\PHÁT TRIỂU TRÒ CHƠI\Lab5\Library\PackageCache\com.unity.visualscripting@1.7.8\Editor\VisualScripting.Core\Dependencies\DotNetZip\Unity.VisualScripting.IonicZip.dll
Native extension for WindowsStandalone target not found
Refreshing native plugins compatible for Editor in 1.59 ms, found 3 plugins.
Preloading 0 native plugins for Editor in 0.00 ms.
Mono: successfully reloaded assembly
- Completed reload, in  1.604 seconds
Domain Reload Profiling:
	ReloadAssembly (1605ms)
		BeginReloadAssembly (148ms)
			ExecutionOrderSort (0ms)
			DisableScriptedObjects (6ms)
			BackupInstance (0ms)
			ReleaseScriptingObjects (0ms)
			CreateAndSetChildDomain (43ms)
		EndReloadAssembly (1359ms)
			LoadAssemblies (76ms)
			RebuildTransferFunctionScriptingTraits (0ms)
			SetupTypeCache (435ms)
				TypeCache.Initialize (405ms)
					TypeCache.ScanAssembly (396ms)
				ResolveRequiredComponents (30ms)
			ReleaseScriptCaches (2ms)
			RebuildScriptCaches (110ms)
			SetupLoadedEditorAssemblies (563ms)
				LogAssemblyErrors (0ms)
				InitializePlatformSupportModulesInManaged (16ms)
				SetLoadedEditorAssemblies (10ms)
				RefreshPlugins (2ms)
				BeforeProcessingInitializeOnLoad (105ms)
				ProcessInitializeOnLoadAttributes (387ms)
				ProcessInitializeOnLoadMethodAttributes (39ms)
				AfterProcessingInitializeOnLoad (4ms)
				EditorAssembliesLoaded (0ms)
			ExecutionOrderSort2 (0ms)
			AwakeInstancesAfterBackupRestoration (14ms)
Platform modules already initialized, skipping
Refreshing native plugins compatible for Editor in 2.14 ms, found 3 plugins.
Preloading 0 native plugins for Editor in 0.00 ms.
Unloading 3546 Unused Serialized files (Serialized files now loaded: 0)
Unloading 31 unused Assets / (1.5 MB). Loaded Objects now: 4081.
Memory consumption went from 0.57 GB to 0.57 GB.
Total: 4.101900 ms (FindLiveObjects: 0.403700 ms CreateObjectMapping: 0.454300 ms MarkObjects: 2.925200 ms  DeleteObjects: 0.317800 ms)

AssetImportParameters requested are different than current active one (requested -> active):
  custom:video-decoder-ogg-theora: a1e56fd34408186e4bbccfd4996cb3dc -> 
  custom:container-muxer-webm: aa71ff27fc2769a1b78a27578f13a17b -> 
  custom:container-demuxer-webm: 4f35f7cbe854078d1ac9338744f61a02 -> 
  custom:video-encoder-webm-vp8: eb34c28f22e8b96e1ab97ce403110664 -> 
  custom:audio-encoder-webm-vorbis: bf7c407c2cedff20999df2af8eb42d56 -> 
  custom:framework-win-MediaFoundation: 216162199b28c13a410421893ffa2e32 -> 
  custom:container-demuxer-ogg: 62fdf1f143b41e24485cea50d1cbac27 -> 
  custom:video-decoder-webm-vp8: 9c59270c3fd7afecdb556c50c9e8de78 -> 
  custom:audio-decoder-ogg-vorbis: bf7c407c2cedff20999df2af8eb42d56 -> 
========================================================================
Received Import Request.
  Time since last request: 12456.445175 seconds.
  path: Assets/New Terrain.asset
  artifactKey: Guid(3b4dd4a5c2d6bdc4686124c4dbe52e3f) Importer(815301076,1909f56bfc062723c751e8b465ee728b)
Start importing Assets/New Terrain.asset using Guid(3b4dd4a5c2d6bdc4686124c4dbe52e3f) Importer(815301076,1909f56bfc062723c751e8b465ee728b)  -> (artifact id: '4c32539b083ae6ca758a3d3622962b2c') in 0.284494 seconds 
========================================================================
Received Import Request.
  Time since last request: 18.326089 seconds.
  path: Assets
  artifactKey: Guid(00000000000000001000000000000000) Importer(815301076,1909f56bfc062723c751e8b465ee728b)
Start importing Assets using Guid(00000000000000001000000000000000) Importer(815301076,1909f56bfc062723c751e8b465ee728b)  -> (artifact id: '6e8165099f8bfd50797b2ebe9f8b211b') in 0.007804 seconds 
========================================================================
Received Import Request.
  Time since last request: 51.133175 seconds.
  path: Assets/no9_Game_Sounds/sparrow_sounds/01.wav
  artifactKey: Guid(1b34a3fddab80714893afcf0620ff106) Importer(815301076,1909f56bfc062723c751e8b465ee728b)
Start importing Assets/no9_Game_Sounds/sparrow_sounds/01.wav using Guid(1b34a3fddab80714893afcf0620ff106) Importer(815301076,1909f56bfc062723c751e8b465ee728b)  -> (artifact id: '9508ee119ce8a6a043a5709fb0cc6b8e') in 0.091047 seconds 
========================================================================
Received Import Request.
  Time since last request: 0.000028 seconds.
  path: Assets/no9_Game_Sounds/sparrow_sounds/29.wav
  artifactKey: Guid(af4984408b57fb740bc33aa576c3123d) Importer(815301076,1909f56bfc062723c751e8b465ee728b)
Start importing Assets/no9_Game_Sounds/sparrow_sounds/29.wav using Guid(af4984408b57fb740bc33aa576c3123d) Importer(815301076,1909f56bfc062723c751e8b465ee728b)  -> (artifact id: '6bb6fda00fa87d27b2906ec90866fb49') in 0.016227 seconds 
========================================================================
Received Import Request.
  Time since last request: 0.000067 seconds.
  path: Assets/no9_Game_Sounds/sparrow_sounds/06.wav
  artifactKey: Guid(bd7020f5ad393164e9f1bda519466d50) Importer(815301076,1909f56bfc062723c751e8b465ee728b)
Start importing Assets/no9_Game_Sounds/sparrow_sounds/06.wav using Guid(bd7020f5ad393164e9f1bda519466d50) Importer(815301076,1909f56bfc062723c751e8b465ee728b)  -> (artifact id: '58cd59d5a2246b618f49169c6ce84061') in 0.032359 seconds 
========================================================================
Received Import Request.
  Time since last request: 0.000028 seconds.
  path: Assets/no9_Game_Sounds/sparrow_sounds/26.wav
  artifactKey: Guid(56cd65eeb4a7e0c4784a1b85e085e049) Importer(815301076,1909f56bfc062723c751e8b465ee728b)
Start importing Assets/no9_Game_Sounds/sparrow_sounds/26.wav using Guid(56cd65eeb4a7e0c4784a1b85e085e049) Importer(815301076,1909f56bfc062723c751e8b465ee728b)  -> (artifact id: 'c9542b5a46849c31955ac4fb221a20f0') in 0.020688 seconds 
========================================================================
Received Import Request.
  Time since last request: 0.000030 seconds.
  path: Assets/no9_Game_Sounds/sparrow_sounds/33.wav
  artifactKey: Guid(8d96d406434cd4e40a8b8cefc7f441aa) Importer(815301076,1909f56bfc062723c751e8b465ee728b)
Start importing Assets/no9_Game_Sounds/sparrow_sounds/33.wav using Guid(8d96d406434cd4e40a8b8cefc7f441aa) Importer(815301076,1909f56bfc062723c751e8b465ee728b)  -> (artifact id: '10869774025ac0c1bc4b73972cf665e7') in 0.016892 seconds 
========================================================================
Received Import Request.
  Time since last request: 0.000123 seconds.
  path: Assets/no9_Game_Sounds/sparrow_sounds/23.wav
  artifactKey: Guid(163230438efe0db4f8824c9bd253cf7f) Importer(815301076,1909f56bfc062723c751e8b465ee728b)
Start importing Assets/no9_Game_Sounds/sparrow_sounds/23.wav using Guid(163230438efe0db4f8824c9bd253cf7f) Importer(815301076,1909f56bfc062723c751e8b465ee728b)  -> (artifact id: 'fca1cb42a2a9bd4414788e5b91f9bc65') in 0.015766 seconds 
========================================================================
Received Import Request.
  Time since last request: 0.000027 seconds.
  path: Assets/no9_Game_Sounds/sparrow_sounds/40.wav
  artifactKey: Guid(ffad0de1803cf8c49b5c0c0f6b05de01) Importer(815301076,1909f56bfc062723c751e8b465ee728b)
Start importing Assets/no9_Game_Sounds/sparrow_sounds/40.wav using Guid(ffad0de1803cf8c49b5c0c0f6b05de01) Importer(815301076,1909f56bfc062723c751e8b465ee728b)  -> (artifact id: '5534e8673770cfed0880c292886a038d') in 0.014158 seconds 
========================================================================
Received Import Request.
  Time since last request: 0.000025 seconds.
  path: Assets/no9_Game_Sounds/sparrow_sounds/36.wav
  artifactKey: Guid(32b5a9019324a7f42a9c0f7a11d8f6c2) Importer(815301076,1909f56bfc062723c751e8b465ee728b)
Start importing Assets/no9_Game_Sounds/sparrow_sounds/36.wav using Guid(32b5a9019324a7f42a9c0f7a11d8f6c2) Importer(815301076,1909f56bfc062723c751e8b465ee728b)  -> (artifact id: '01bbae4388bcf23504dcfa6650c8a5c2') in 0.011545 seconds 
========================================================================
Received Import Request.
  Time since last request: 0.000033 seconds.
  path: Assets/no9_Game_Sounds/sparrow_sounds/19.wav
  artifactKey: Guid(858ea92ef27492d4b96e99783e107a59) Importer(815301076,1909f56bfc062723c751e8b465ee728b)
Start importing Assets/no9_Game_Sounds/sparrow_sounds/19.wav using Guid(858ea92ef27492d4b96e99783e107a59) Importer(815301076,1909f56bfc062723c751e8b465ee728b)  -> (artifact id: '75c9dadc2bff041ca2cf28f5b2759617') in 0.014199 seconds 
========================================================================
Received Import Request.
  Time since last request: 0.000057 seconds.
  path: Assets/no9_Game_Sounds/sparrow_sounds/20.wav
  artifactKey: Guid(fbb5fa5cded91964f93da495ef8fcee7) Importer(815301076,1909f56bfc062723c751e8b465ee728b)
Start importing Assets/no9_Game_Sounds/sparrow_sounds/20.wav using Guid(fbb5fa5cded91964f93da495ef8fcee7) Importer(815301076,1909f56bfc062723c751e8b465ee728b)  -> (artifact id: 'b14d1cbb18818d8c58e211c5fa719dc3') in 0.016039 seconds 
========================================================================
Received Import Request.
  Time since last request: 0.000022 seconds.
  path: Assets/no9_Game_Sounds/sparrow_sounds/18.wav
  artifactKey: Guid(afb009e87875a0545b3069568c5f1bf8) Importer(815301076,1909f56bfc062723c751e8b465ee728b)
Start importing Assets/no9_Game_Sounds/sparrow_sounds/18.wav using Guid(afb009e87875a0545b3069568c5f1bf8) Importer(815301076,1909f56bfc062723c751e8b465ee728b)  -> (artifact id: '6a4f1374bd45a3893905b9019f0db63b') in 0.017165 seconds 
========================================================================
Received Import Request.
  Time since last request: 0.000034 seconds.
  path: Assets/no9_Game_Sounds/sparrow_sounds/38.wav
  artifactKey: Guid(49ec6c1784b532540b3086b3821e174e) Importer(815301076,1909f56bfc062723c751e8b465ee728b)
Start importing Assets/no9_Game_Sounds/sparrow_sounds/38.wav using Guid(49ec6c1784b532540b3086b3821e174e) Importer(815301076,1909f56bfc062723c751e8b465ee728b)  -> (artifact id: 'aa828d5ebcad8e828d0022083910c4d6') in 0.016299 seconds 
========================================================================
Received Import Request.
  Time since last request: 0.000157 seconds.
  path: Assets/no9_Game_Sounds/sparrow_sounds/09.wav
  artifactKey: Guid(e54d42ae3f5b9384d905599e679bd302) Importer(815301076,1909f56bfc062723c751e8b465ee728b)
Start importing Assets/no9_Game_Sounds/sparrow_sounds/09.wav using Guid(e54d42ae3f5b9384d905599e679bd302) Importer(815301076,1909f56bfc062723c751e8b465ee728b)  -> (artifact id: '375d393ca01dd3f510f85bd5d3ce1303') in 0.015527 seconds 
========================================================================
Received Import Request.
  Time since last request: 0.000037 seconds.
  path: Assets/no9_Game_Sounds/sparrow_sounds/12.wav
  artifactKey: Guid(6376dde15317a4b4ba29beb9c7afd648) Importer(815301076,1909f56bfc062723c751e8b465ee728b)
Start importing Assets/no9_Game_Sounds/sparrow_sounds/12.wav using Guid(6376dde15317a4b4ba29beb9c7afd648) Importer(815301076,1909f56bfc062723c751e8b465ee728b)  -> (artifact id: '3603a8dd43e295593565075ecf5c6c27') in 0.012491 seconds 
========================================================================
Received Import Request.
  Time since last request: 0.000021 seconds.
  path: Assets/no9_Game_Sounds/sparrow_sounds/10.wav
  artifactKey: Guid(c9a40485e66034349bd3924dc0f99e9b) Importer(815301076,1909f56bfc062723c751e8b465ee728b)
Start importing Assets/no9_Game_Sounds/sparrow_sounds/10.wav using Guid(c9a40485e66034349bd3924dc0f99e9b) Importer(815301076,1909f56bfc062723c751e8b465ee728b)  -> (artifact id: '179b50520315a84bdddbb4ceab582385') in 0.020815 seconds 
========================================================================
Received Import Request.
  Time since last request: 0.000025 seconds.
  path: Assets/no9_Game_Sounds/sparrow_sounds/22.wav
  artifactKey: Guid(40741411af24e7a469138387462d12ea) Importer(815301076,1909f56bfc062723c751e8b465ee728b)
Start importing Assets/no9_Game_Sounds/sparrow_sounds/22.wav using Guid(40741411af24e7a469138387462d12ea) Importer(815301076,1909f56bfc062723c751e8b465ee728b)  -> (artifact id: 'b68b2010685bbaaaf249013bb1867b3c') in 0.018561 seconds 
========================================================================
Received Import Request.
  Time since last request: 0.000033 seconds.
  path: Assets/no9_Game_Sounds/sparrow_sounds/15.wav
  artifactKey: Guid(79577b6605adc314180d1ec0d200a731) Importer(815301076,1909f56bfc062723c751e8b465ee728b)
Start importing Assets/no9_Game_Sounds/sparrow_sounds/15.wav using Guid(79577b6605adc314180d1ec0d200a731) Importer(815301076,1909f56bfc062723c751e8b465ee728b)  -> (artifact id: 'a4c59164c95a35d8ec13071b3bb4fb72') in 0.025878 seconds 
========================================================================
Received Import Request.
  Time since last request: 0.000078 seconds.
  path: Assets/no9_Game_Sounds/sparrow_sounds/34.wav
  artifactKey: Guid(92d0cbac272b6f14db44b6bf7086c334) Importer(815301076,1909f56bfc062723c751e8b465ee728b)
Start importing Assets/no9_Game_Sounds/sparrow_sounds/34.wav using Guid(92d0cbac272b6f14db44b6bf7086c334) Importer(815301076,1909f56bfc062723c751e8b465ee728b)  -> (artifact id: 'a5068f75e080ba399c654cd1530c1096') in 0.027331 seconds 
========================================================================
Received Import Request.
  Time since last request: 0.000067 seconds.
  path: Assets/no9_Game_Sounds/sparrow_sounds/03.wav
  artifactKey: Guid(0c9140cac26cd984fb3d7c08d782c28a) Importer(815301076,1909f56bfc062723c751e8b465ee728b)
Start importing Assets/no9_Game_Sounds/sparrow_sounds/03.wav using Guid(0c9140cac26cd984fb3d7c08d782c28a) Importer(815301076,1909f56bfc062723c751e8b465ee728b)  -> (artifact id: '27185bf6de4b4025cd55a3fa47be95e6') in 0.024043 seconds 
========================================================================
Received Import Request.
  Time since last request: 0.000117 seconds.
  path: Assets/no9_Game_Sounds/sparrow_sounds/16.wav
  artifactKey: Guid(20d8f0781c526704ca9695c78968a91b) Importer(815301076,1909f56bfc062723c751e8b465ee728b)
Start importing Assets/no9_Game_Sounds/sparrow_sounds/16.wav using Guid(20d8f0781c526704ca9695c78968a91b) Importer(815301076,1909f56bfc062723c751e8b465ee728b)  -> (artifact id: '210e7fa83fa17b0202e9bef0825cba74') in 0.020374 seconds 
========================================================================
Received Import Request.
  Time since last request: 0.000060 seconds.
  path: Assets/no9_Game_Sounds/sparrow_sounds/11.wav
  artifactKey: Guid(070fff4ef5372804b98ce4524cbe6991) Importer(815301076,1909f56bfc062723c751e8b465ee728b)
Start importing Assets/no9_Game_Sounds/sparrow_sounds/11.wav using Guid(070fff4ef5372804b98ce4524cbe6991) Importer(815301076,1909f56bfc062723c751e8b465ee728b)  -> (artifact id: '1c3f6fe51950448b19cee6c744541423') in 0.018769 seconds 
========================================================================
Received Import Request.
  Time since last request: 1.475491 seconds.
  path: Assets/no9_Game_Sounds/sparrow_sounds/41.wav
  artifactKey: Guid(171b2cf00a9432e43be53e64e124f52c) Importer(815301076,1909f56bfc062723c751e8b465ee728b)
Start importing Assets/no9_Game_Sounds/sparrow_sounds/41.wav using Guid(171b2cf00a9432e43be53e64e124f52c) Importer(815301076,1909f56bfc062723c751e8b465ee728b)  -> (artifact id: '6e48bad4b2268ed81ce26d3ca30f1520') in 0.014160 seconds 
========================================================================
Received Import Request.
  Time since last request: 0.000021 seconds.
  path: Assets/no9_Game_Sounds/sparrow_sounds/44.wav
  artifactKey: Guid(9011044ef47e4654e8b4ddc275268ace) Importer(815301076,1909f56bfc062723c751e8b465ee728b)
Start importing Assets/no9_Game_Sounds/sparrow_sounds/44.wav using Guid(9011044ef47e4654e8b4ddc275268ace) Importer(815301076,1909f56bfc062723c751e8b465ee728b)  -> (artifact id: '511497117a579e5a376cc84a9a5b3d50') in 0.017835 seconds 
Editor requested this worker to shutdown with reason: Scaling down because of idle timeout
AssetImportWorker is now disconnected from the server
Process exiting
Exiting without the bug reporter. Application will terminate with return code 0